It must be removed!
hello!


data!
almost everybody


fdsafdsa



heloo!!!


=}Fri Aug 29 22:41:31 PDT 2014
From github.com:xxvii27/ErrorMaster
 * branch            master     -> FETCH_HEAD
Already up-to-date.
----------------------------

Fri Aug 29 22:57:28 PDT 2014
From github.com:xxvii27/ErrorMaster
 * branch            master     -> FETCH_HEAD
   47480be..c0f3e48  master     -> origin/master
error: Your local changes to the following files would be overwritten by merge:
	log-deploy.out
Please, commit your changes or stash them before you can merge.
Aborting
Updating 47480be..c0f3e48
